c:\users\s182108\documents\visual studio 2015\projects\就職作品\criticalhit\criticalhit\debug\criticalhit.pch
c:\users\s182108\documents\visual studio 2015\projects\就職作品\criticalhit\criticalhit\debug\vc140.pdb
c:\users\s182108\documents\visual studio 2015\projects\就職作品\criticalhit\criticalhit\debug\vc140.idb
c:\users\s182108\documents\visual studio 2015\projects\就職作品\criticalhit\criticalhit\debug\utilities.obj
c:\users\s182108\documents\visual studio 2015\projects\就職作品\criticalhit\criticalhit\debug\pch.obj
c:\users\s182108\documents\visual studio 2015\projects\就職作品\criticalhit\criticalhit\debug\myeffect.obj
c:\users\s182108\documents\visual studio 2015\projects\就職作品\criticalhit\criticalhit\debug\main.obj
c:\users\s182108\documents\visual studio 2015\projects\就職作品\criticalhit\criticalhit\debug\game.obj
c:\users\s182108\documents\visual studio 2015\projects\就職作品\criticalhit\criticalhit\debug\debugmode.obj
c:\users\s182108\documents\visual studio 2015\projects\就職作品\criticalhit\criticalhit\debug\binaryfile.obj
c:\users\s182108\documents\visual studio 2015\projects\就職作品\criticalhit\criticalhit\debug\adx2le.obj
c:\users\s182108\documents\visual studio 2015\projects\就職作品\criticalhit\criticalhit\debug\chargeshot.obj
c:\users\s182108\documents\visual studio 2015\projects\就職作品\criticalhit\criticalhit\debug\enemybullet.obj
c:\users\s182108\documents\visual studio 2015\projects\就職作品\criticalhit\criticalhit\debug\enemygenerator.obj
c:\users\s182108\documents\visual studio 2015\projects\就職作品\criticalhit\criticalhit\debug\ground.obj
c:\users\s182108\documents\visual studio 2015\projects\就職作品\criticalhit\criticalhit\debug\normalenemy.obj
c:\users\s182108\documents\visual studio 2015\projects\就職作品\criticalhit\criticalhit\debug\player.obj
c:\users\s182108\documents\visual studio 2015\projects\就職作品\criticalhit\criticalhit\debug\playscene.obj
c:\users\s182108\documents\visual studio 2015\projects\就職作品\criticalhit\criticalhit\debug\pseudoobject.obj
c:\users\s182108\documents\visual studio 2015\projects\就職作品\criticalhit\criticalhit\debug\sidemoveenemy.obj
c:\users\s182108\documents\visual studio 2015\projects\就職作品\criticalhit\criticalhit\debug\skydoom.obj
c:\users\s182108\documents\visual studio 2015\projects\就職作品\criticalhit\criticalhit\debug\wavemoveenemy.obj
c:\users\s182108\documents\visual studio 2015\projects\就職作品\criticalhit\criticalhit\debug\titlescene.obj
c:\users\s182108\documents\visual studio 2015\projects\就職作品\criticalhit\criticalhit\debug\font.obj
c:\users\s182108\documents\visual studio 2015\projects\就職作品\criticalhit\criticalhit\debug\hpgauge.obj
c:\users\s182108\documents\visual studio 2015\projects\就職作品\criticalhit\criticalhit\debug\moji.obj
c:\users\s182108\documents\visual studio 2015\projects\就職作品\criticalhit\criticalhit\debug\reticule.obj
c:\users\s182108\documents\visual studio 2015\projects\就職作品\criticalhit\criticalhit\debug\specialui.obj
c:\users\s182108\documents\visual studio 2015\projects\就職作品\criticalhit\criticalhit\debug\boxcollider.obj
c:\users\s182108\documents\visual studio 2015\projects\就職作品\criticalhit\criticalhit\debug\collider.obj
c:\users\s182108\documents\visual studio 2015\projects\就職作品\criticalhit\criticalhit\debug\spherecollider.obj
c:\users\s182108\documents\visual studio 2015\projects\就職作品\criticalhit\criticalhit\debug\debugcamera.obj
c:\users\s182108\documents\visual studio 2015\projects\就職作品\criticalhit\criticalhit\debug\fixedcamera.obj
c:\users\s182108\documents\visual studio 2015\projects\就職作品\criticalhit\criticalhit\debug\gameobject.obj
c:\users\s182108\documents\visual studio 2015\projects\就職作品\criticalhit\criticalhit\debug\gridfloor.obj
c:\users\s182108\documents\visual studio 2015\projects\就職作品\criticalhit\criticalhit\debug\targetcamera.obj
c:\users\s182108\documents\visual studio 2015\projects\就職作品\criticalhit\criticalhit\debug\effectmanager.obj
c:\users\s182108\documents\visual studio 2015\projects\就職作品\criticalhit\criticalhit\debug\gameobjectmanager.obj
c:\users\s182108\documents\visual studio 2015\projects\就職作品\criticalhit\criticalhit\debug\gamescenemanager.obj
c:\users\s182108\documents\visual studio 2015\projects\就職作品\criticalhit\criticalhit\debug\scoremanager.obj
c:\users\s182108\documents\visual studio 2015\projects\就職作品\criticalhit\criticalhit\debug\bullet.obj
c:\users\s182108\documents\visual studio 2015\projects\就職作品\criticalhit\criticalhit\resources\fbx\skydoom.fbm\スカイドーム.png
c:\users\s182108\documents\visual studio 2015\projects\就職作品\criticalhit\criticalhit\resources\models\skydoom.cmo
c:\users\s182108\documents\visual studio 2015\projects\就職作品\criticalhit\criticalhit\resources\models\_program files (x86)_microsoft visual studio 14.0_common7_ide_extensions_microsoft_vsgraphics_assets_effects_phong.dgsl.cso
c:\users\s182108\documents\visual studio 2015\projects\就職作品\criticalhit\criticalhit\resources\models\_users_s182108_documents_visual studio 2015_projects_就職作品_criticalhit_criticalhit_resources_fbx_skydoom.fbm_スカイドーム.png.dds
c:\users\s182108\documents\visual studio 2015\projects\就職作品\criticalhit\criticalhit\resources\fbx\sea.fbm\うみ.png
c:\users\s182108\documents\visual studio 2015\projects\就職作品\criticalhit\criticalhit\resources\models\sea.cmo
c:\users\s182108\documents\visual studio 2015\projects\就職作品\criticalhit\criticalhit\resources\models\_users_s182108_documents_visual studio 2015_projects_就職作品_criticalhit_criticalhit_resources_fbx_sea.fbm_うみ.png.dds
c:\users\s182108\documents\visual studio 2015\projects\就職作品\criticalhit\criticalhit\resources\models\aircraft.cmo
c:\users\s182108\documents\visual studio 2015\projects\就職作品\criticalhit\criticalhit\resources\models\enemy.cmo
c:\users\s182108\documents\visual studio 2015\projects\就職作品\criticalhit\criticalhit\debug\criticalhit.tlog\cl.10480.read.1.tlog
c:\users\s182108\documents\visual studio 2015\projects\就職作品\criticalhit\criticalhit\debug\criticalhit.tlog\cl.10480.write.1.tlog
c:\users\s182108\documents\visual studio 2015\projects\就職作品\criticalhit\criticalhit\debug\criticalhit.tlog\cl.command.1.tlog
c:\users\s182108\documents\visual studio 2015\projects\就職作品\criticalhit\criticalhit\debug\criticalhit.tlog\meshcontenttask-vsgraphics.13828.read.1.tlog
c:\users\s182108\documents\visual studio 2015\projects\就職作品\criticalhit\criticalhit\debug\criticalhit.tlog\meshcontenttask-vsgraphics.13828.write.1.tlog
c:\users\s182108\documents\visual studio 2015\projects\就職作品\criticalhit\criticalhit\debug\criticalhit.tlog\meshcontenttask-vsgraphics.14776.read.1.tlog
c:\users\s182108\documents\visual studio 2015\projects\就職作品\criticalhit\criticalhit\debug\criticalhit.tlog\meshcontenttask-vsgraphics.14776.write.1.tlog
c:\users\s182108\documents\visual studio 2015\projects\就職作品\criticalhit\criticalhit\debug\criticalhit.tlog\meshcontenttask-vsgraphics.16024.read.1.tlog
c:\users\s182108\documents\visual studio 2015\projects\就職作品\criticalhit\criticalhit\debug\criticalhit.tlog\meshcontenttask-vsgraphics.16024.write.1.tlog
c:\users\s182108\documents\visual studio 2015\projects\就職作品\criticalhit\criticalhit\debug\criticalhit.tlog\meshcontenttask-vsgraphics.8436.read.1.tlog
c:\users\s182108\documents\visual studio 2015\projects\就職作品\criticalhit\criticalhit\debug\criticalhit.tlog\meshcontenttask-vsgraphics.8436.write.1.tlog
